Base path: /Applications/Unity/Unity.app/Contents
Cmd: initializeCompiler
Cmd: disassembleShader
  api=15 insize=16960 outsize=16960 ok=1
Cmd: disassembleShader
  api=14 insize=3954 outsize=3938 ok=1
Cmd: disassembleShader
  api=15 insize=17487 outsize=17487 ok=1
Cmd: disassembleShader
  api=14 insize=5566 outsize=5550 ok=1
Cmd: disassembleShader
  api=15 insize=18422 outsize=18422 ok=1
Cmd: disassembleShader
  api=15 insize=0 outsize=57 ok=1
Cmd: disassembleShader
  api=14 insize=15042 outsize=15026 ok=1
Cmd: disassembleShader
  api=15 insize=9038 outsize=9038 ok=1
Cmd: disassembleShader
  api=15 insize=8318 outsize=8318 ok=1
Cmd: disassembleShader
  api=14 insize=3378 outsize=3362 ok=1
Cmd: disassembleShader
  api=15 insize=9214 outsize=9214 ok=1
Cmd: disassembleShader
  api=15 insize=8831 outsize=8831 ok=1
Cmd: disassembleShader
  api=15 insize=11044 outsize=11044 ok=1
Cmd: disassembleShader
  api=14 insize=3613 outsize=3597 ok=1
Cmd: disassembleShader
  api=15 insize=9827 outsize=9827 ok=1
Cmd: disassembleShader
  api=14 insize=3613 outsize=3597 ok=1
Cmd: disassembleShader
  api=14 insize=3378 outsize=3362 ok=1
Cmd: disassembleShader
  api=15 insize=10602 outsize=10602 ok=1
Cmd: disassembleShader
  api=15 insize=11633 outsize=11633 ok=1
Cmd: disassembleShader
  api=15 insize=11904 outsize=11904 ok=1
Cmd: disassembleShader
  api=14 insize=6508 outsize=6492 ok=1
Cmd: disassembleShader
  api=14 insize=7718 outsize=7702 ok=1
Cmd: disassembleShader
  api=14 insize=7560 outsize=7544 ok=1
Cmd: disassembleShader
  api=14 insize=7150 outsize=7134 ok=1
Cmd: disassembleShader
  api=14 insize=9667 outsize=9651 ok=1
Cmd: disassembleShader
  api=14 insize=12287 outsize=12271 ok=1
Cmd: disassembleShader
  api=15 insize=0 outsize=57 ok=1
Cmd: disassembleShader
  api=15 insize=0 outsize=57 ok=1
Cmd: disassembleShader
  api=15 insize=0 outsize=57 ok=1
Cmd: disassembleShader
  api=15 insize=0 outsize=57 ok=1
Cmd: disassembleShader
  api=15 insize=0 outsize=57 ok=1
Cmd: disassembleShader
  api=15 insize=0 outsize=57 ok=1
Cmd: disassembleShader
  api=14 insize=7316 outsize=7300 ok=1
Cmd: disassembleShader
  api=14 insize=1964 outsize=1948 ok=1
Cmd: disassembleShader
  api=14 insize=1758 outsize=1742 ok=1
Cmd: disassembleShader
  api=14 insize=3011 outsize=2995 ok=1
Cmd: disassembleShader
  api=15 insize=0 outsize=57 ok=1
Cmd: disassembleShader
  api=14 insize=744 outsize=728 ok=1
Cmd: disassembleShader
  api=15 insize=7281 outsize=7281 ok=1
Cmd: disassembleShader
  api=15 insize=7321 outsize=7321 ok=1
Cmd: disassembleShader
  api=15 insize=0 outsize=57 ok=1
Cmd: disassembleShader
  api=15 insize=0 outsize=57 ok=1
Cmd: disassembleShader
  api=15 insize=16960 outsize=16960 ok=1
Cmd: disassembleShader
  api=14 insize=5953 outsize=5937 ok=1
Cmd: disassembleShader
  api=15 insize=10172 outsize=10172 ok=1
Cmd: disassembleShader
  api=14 insize=4596 outsize=4580 ok=1
Cmd: disassembleShader
  api=15 insize=8979 outsize=8979 ok=1
Cmd: disassembleShader
  api=15 insize=0 outsize=57 ok=1
Cmd: disassembleShader
  api=15 insize=0 outsize=57 ok=1
Cmd: disassembleShader
  api=15 insize=7090 outsize=7090 ok=1
Cmd: disassembleShader
  api=15 insize=6381 outsize=6381 ok=1
Cmd: disassembleShader
  api=15 insize=7410 outsize=7410 ok=1
Cmd: disassembleShader
  api=15 insize=7266 outsize=7266 ok=1
Cmd: disassembleShader
  api=14 insize=3502 outsize=3486 ok=1
Cmd: disassembleShader
  api=14 insize=3628 outsize=3612 ok=1
Cmd: disassembleShader
  api=14 insize=3628 outsize=3612 ok=1
Cmd: disassembleShader
  api=14 insize=3613 outsize=3597 ok=1
Cmd: disassembleShader
  api=15 insize=9827 outsize=9827 ok=1
Cmd: disassembleShader
  api=14 insize=3613 outsize=3597 ok=1
Cmd: disassembleShader
  api=14 insize=3628 outsize=3612 ok=1
Cmd: disassembleShader
  api=15 insize=6079 outsize=6079 ok=1
Cmd: disassembleShader
  api=15 insize=6252 outsize=6252 ok=1
Cmd: disassembleShader
  api=15 insize=7137 outsize=7137 ok=1
Cmd: disassembleShader
  api=14 insize=4402 outsize=4386 ok=1
Cmd: disassembleShader
  api=14 insize=5549 outsize=5533 ok=1
Cmd: disassembleShader
  api=14 insize=5356 outsize=5340 ok=1
Cmd: disassembleShader
  api=14 insize=5044 outsize=5028 ok=1
Cmd: disassembleShader
  api=14 insize=4725 outsize=4709 ok=1
Cmd: disassembleShader
  api=14 insize=7868 outsize=7852 ok=1
Cmd: disassembleShader
  api=14 insize=8519 outsize=8503 ok=1
Cmd: disassembleShader
  api=14 insize=4008 outsize=3992 ok=1
Cmd: disassembleShader
  api=14 insize=4271 outsize=4255 ok=1
Cmd: disassembleShader
  api=14 insize=5110 outsize=5094 ok=1
Cmd: disassembleShader
  api=15 insize=2336 outsize=2336 ok=1
Cmd: disassembleShader
  api=14 insize=3011 outsize=2995 ok=1
Cmd: disassembleShader
  api=14 insize=1188 outsize=1172 ok=1
Cmd: disassembleShader
  api=15 insize=0 outsize=57 ok=1

Quitting shader compiler process
